0 info it worked if it ends with ok
1 verbose cli [ '/home/ubuntu/.nvm/versions/node/v4.5.0/bin/node',
1 verbose cli   '/home/ubuntu/.nvm/versions/node/v4.5.0/bin/npm',
1 verbose cli   'install' ]
2 info using npm@2.15.9
3 info using node@v4.5.0
4 verbose readDependencies loading dependencies from /home/ubuntu/workspace/http5104/final-project/package.json
5 warn package.json final-project@1.0.0 No repository field.
6 warn package.json final-project@1.0.0 No README data
7 verbose install where, deps [ '/home/ubuntu/workspace/http5104/final-project',
7 verbose install   [ 'gulp', 'gulp-sass' ] ]
8 verbose install where, peers [ '/home/ubuntu/workspace/http5104/final-project', [] ]
9 verbose installManyTop reading for lifecycle /home/ubuntu/workspace/http5104/final-project/package.json
10 info preinstall final-project@1.0.0
11 verbose installManyTop reading scoped package data from /home/ubuntu/workspace/http5104/final-project/node_modules/gulp/package.json
12 verbose installManyTop reading scoped package data from /home/ubuntu/workspace/http5104/final-project/node_modules/gulp-sass/package.json
13 verbose readDependencies loading dependencies from /home/ubuntu/workspace/http5104/final-project/package.json
14 verbose targetResolver reading package data from /home/ubuntu/workspace/http5104/final-project/node_modules/gulp/package.json
15 verbose targetResolver reading package data from /home/ubuntu/workspace/http5104/final-project/node_modules/gulp-sass/package.json
16 verbose targetResolver reading package data from /home/ubuntu/workspace/http5104/final-project/node_modules/.bin/gulp/package.json
17 verbose already installed skipping gulp@^3.9.1 /home/ubuntu/workspace/http5104/final-project
18 silly cache add args [ 'gulp-sass@^3.2.0', null ]
19 verbose cache add spec gulp-sass@^3.2.0
20 silly cache add parsed spec Result {
20 silly cache add   raw: 'gulp-sass@^3.2.0',
20 silly cache add   scope: null,
20 silly cache add   name: 'gulp-sass',
20 silly cache add   rawSpec: '^3.2.0',
20 silly cache add   spec: '>=3.2.0 <4.0.0',
20 silly cache add   type: 'range' }
21 silly addNamed gulp-sass@>=3.2.0 <4.0.0
22 verbose addNamed ">=3.2.0 <4.0.0" is a valid semver range for gulp-sass
23 silly addNameRange { name: 'gulp-sass', range: '>=3.2.0 <4.0.0', hasData: false }
24 silly mapToRegistry name gulp-sass
25 silly mapToRegistry using default registry
26 silly mapToRegistry registry https://registry.npmjs.org/
27 silly mapToRegistry data Result {
27 silly mapToRegistry   raw: 'gulp-sass',
27 silly mapToRegistry   scope: null,
27 silly mapToRegistry   name: 'gulp-sass',
27 silly mapToRegistry   rawSpec: '',
27 silly mapToRegistry   spec: 'latest',
27 silly mapToRegistry   type: 'tag' }
28 silly mapToRegistry uri https://registry.npmjs.org/gulp-sass
29 verbose addNameRange registry:https://registry.npmjs.org/gulp-sass not in flight; fetching
30 verbose request uri https://registry.npmjs.org/gulp-sass
31 verbose request no auth needed
32 info attempt registry request try #1 at 10:50:39 PM
33 verbose request id 39f9817bac61703c
34 verbose etag W/"5851556f-df2a"
35 verbose lastModified Wed, 14 Dec 2016 14:21:35 GMT
36 http request GET https://registry.npmjs.org/gulp-sass
37 http 304 https://registry.npmjs.org/gulp-sass
38 verbose headers { date: 'Fri, 16 Dec 2016 22:50:39 GMT',
38 verbose headers   via: '1.1 varnish',
38 verbose headers   'cache-control': 'max-age=300',
38 verbose headers   etag: 'W/"5851556f-df2a"',
38 verbose headers   age: '98',
38 verbose headers   connection: 'keep-alive',
38 verbose headers   'x-served-by': 'cache-ord1725-ORD',
38 verbose headers   'x-cache': 'HIT',
38 verbose headers   'x-cache-hits': '1',
38 verbose headers   'x-timer': 'S1481928639.377185,VS0,VE0',
38 verbose headers   vary: 'Accept-Encoding' }
39 silly get cb [ 304,
39 silly get   { date: 'Fri, 16 Dec 2016 22:50:39 GMT',
39 silly get     via: '1.1 varnish',
39 silly get     'cache-control': 'max-age=300',
39 silly get     etag: 'W/"5851556f-df2a"',
39 silly get     age: '98',
39 silly get     connection: 'keep-alive',
39 silly get     'x-served-by': 'cache-ord1725-ORD',
39 silly get     'x-cache': 'HIT',
39 silly get     'x-cache-hits': '1',
39 silly get     'x-timer': 'S1481928639.377185,VS0,VE0',
39 silly get     vary: 'Accept-Encoding' } ]
40 verbose etag https://registry.npmjs.org/gulp-sass from cache
41 verbose get saving gulp-sass to /home/ubuntu/.npm/registry.npmjs.org/gulp-sass/.cache.json
42 verbose correctMkdir /home/ubuntu/.npm correctMkdir not in flight; initializing
43 silly addNameRange number 2 { name: 'gulp-sass', range: '>=3.2.0 <4.0.0', hasData: true }
44 silly addNameRange versions [ 'gulp-sass',
44 silly addNameRange   [ '0.1.0',
44 silly addNameRange     '0.2.1',
44 silly addNameRange     '0.2.2',
44 silly addNameRange     '0.2.3',
44 silly addNameRange     '0.3.0',
44 silly addNameRange     '0.4.0',
44 silly addNameRange     '0.4.1',
44 silly addNameRange     '0.5.0',
44 silly addNameRange     '0.5.1',
44 silly addNameRange     '0.5.2',
44 silly addNameRange     '0.6.0',
44 silly addNameRange     '0.7.0',
44 silly addNameRange     '0.7.1',
44 silly addNameRange     '0.7.2',
44 silly addNameRange     '0.7.3',
44 silly addNameRange     '1.0.0',
44 silly addNameRange     '1.1.0',
44 silly addNameRange     '1.2.0',
44 silly addNameRange     '1.2.1',
44 silly addNameRange     '1.2.2',
44 silly addNameRange     '1.2.3',
44 silly addNameRange     '1.2.4',
44 silly addNameRange     '1.3.0',
44 silly addNameRange     '1.3.1',
44 silly addNameRange     '1.3.2',
44 silly addNameRange     '1.3.3',
44 silly addNameRange     '2.0.0-alpha.1',
44 silly addNameRange     '2.0.0',
44 silly addNameRange     '2.0.2',
44 silly addNameRange     '2.0.3',
44 silly addNameRange     '2.0.4',
44 silly addNameRange     '2.1.0-beta',
44 silly addNameRange     '2.1.0',
44 silly addNameRange     '2.1.1',
44 silly addNameRange     '2.2.0',
44 silly addNameRange     '2.3.0-beta.1',
44 silly addNameRange     '2.3.0',
44 silly addNameRange     '2.3.1',
44 silly addNameRange     '2.3.2',
44 silly addNameRange     '3.0.0' ] ]
45 verbose stack Error: No compatible version found: gulp-sass@'>=3.2.0 <4.0.0'
45 verbose stack Valid install targets:
45 verbose stack ["0.1.0","0.2.1","0.2.2","0.2.3","0.3.0","0.4.0","0.4.1","0.5.0","0.5.1","0.5.2","0.6.0","0.7.0","0.7.1","0.7.2","0.7.3","1.0.0","1.1.0","1.2.0","1.2.1","1.2.2","1.2.3","1.2.4","1.3.0","1.3.1","1.3.2","1.3.3","2.0.0-alpha.1","2.0.0","2.0.2","2.0.3","2.0.4","2.1.0-beta","2.1.0","2.1.1","2.2.0","2.3.0-beta.1","2.3.0","2.3.1","2.3.2","3.0.0"]
45 verbose stack
45 verbose stack     at installTargetsError (/home/ubuntu/.nvm/versions/node/v4.5.0/lib/node_modules/npm/lib/cache/add-named.js:284:12)
45 verbose stack     at next (/home/ubuntu/.nvm/versions/node/v4.5.0/lib/node_modules/npm/lib/cache/add-named.js:262:19)
45 verbose stack     at setData (/home/ubuntu/.nvm/versions/node/v4.5.0/lib/node_modules/npm/lib/cache/add-named.js:236:5)
45 verbose stack     at RES (/home/ubuntu/.nvm/versions/node/v4.5.0/lib/node_modules/npm/node_modules/inflight/inflight.js:23:14)
45 verbose stack     at f (/home/ubuntu/.nvm/versions/node/v4.5.0/lib/node_modules/npm/node_modules/once/once.js:17:25)
45 verbose stack     at fixName (/home/ubuntu/.nvm/versions/node/v4.5.0/lib/node_modules/npm/lib/cache/add-named.js:29:5)
45 verbose stack     at saved (/home/ubuntu/.nvm/versions/node/v4.5.0/lib/node_modules/npm/lib/cache/caching-client.js:173:7)
45 verbose stack     at /home/ubuntu/.nvm/versions/node/v4.5.0/lib/node_modules/npm/node_modules/graceful-fs/polyfills.js:210:7
45 verbose stack     at FSReqWrap.oncomplete (fs.js:82:15)
46 verbose cwd /home/ubuntu/workspace/http5104/final-project
47 error Linux 4.2.0-c9
48 error argv "/home/ubuntu/.nvm/versions/node/v4.5.0/bin/node" "/home/ubuntu/.nvm/versions/node/v4.5.0/bin/npm" "install"
49 error node v4.5.0
50 error npm  v2.15.9
51 error code ETARGET
52 error notarget No compatible version found: gulp-sass@'>=3.2.0 <4.0.0'
52 error notarget Valid install targets:
52 error notarget ["0.1.0","0.2.1","0.2.2","0.2.3","0.3.0","0.4.0","0.4.1","0.5.0","0.5.1","0.5.2","0.6.0","0.7.0","0.7.1","0.7.2","0.7.3","1.0.0","1.1.0","1.2.0","1.2.1","1.2.2","1.2.3","1.2.4","1.3.0","1.3.1","1.3.2","1.3.3","2.0.0-alpha.1","2.0.0","2.0.2","2.0.3","2.0.4","2.1.0-beta","2.1.0","2.1.1","2.2.0","2.3.0-beta.1","2.3.0","2.3.1","2.3.2","3.0.0"]
52 error notarget
52 error notarget This is most likely not a problem with npm itself.
52 error notarget In most cases you or one of your dependencies are requesting
52 error notarget a package version that doesn't exist.
52 error notarget
52 error notarget It was specified as a dependency of 'final-project'
53 verbose exit [ 1, true ]
